<?xml version="1.0" encoding="UTF-8"?>
<!-- Generated by org.testng.reporters.JUnitReportReporter -->
<testsuite hostname="NouranAbdeen" failures="0" tests="3" name="com.vois.YoutubeTesting" time="251.271" errors="0" timestamp="2022-04-17T15:35:28 EET" skipped="0">
  <testcase classname="com.vois.YoutubeTesting" name="VideoTitleValidation" time="43.036"/>
  <system-out/>
  <testcase classname="com.vois.YoutubeTesting" name="VideoTitleValidation" time="124.100"/>
  <system-out/>
  <testcase classname="com.vois.YoutubeTesting" name="VideoTitleValidation" time="84.135"/>
  <system-out/>
</testsuite> <!-- com.vois.YoutubeTesting -->
